Analysis & Synthesis report for DataPath
Sun Dec 05 20:21:31 2021
Quartus Prime Version 20.1.1 Build 720 11/11/2020 SJ Lite Edition


---------------------
; Table of Contents ;
---------------------
  1. Legal Notice
  2. Analysis & Synthesis Summary
  3. Analysis & Synthesis Settings
  4. Parallel Compilation
  5. Analysis & Synthesis Source Files Read
  6. Analysis & Synthesis Resource Usage Summary
  7. Analysis & Synthesis Resource Utilization by Entity
  8. Registers Removed During Synthesis
  9. General Register Statistics
 10. Inverted Register Statistics
 11. Multiplexer Restructuring Statistics (Restructuring Performed)
 12. Port Connectivity Checks: "DataPath:DUV|MUX4t1:MUX4"
 13. Port Connectivity Checks: "DataPath:DUV|RF_FFD:RDReg2"
 14. Port Connectivity Checks: "DataPath:DUV|RF_FFD:RDReg1"
 15. Port Connectivity Checks: "DataPath:DUV|RF_FFD:Data"
 16. Post-Synthesis Netlist Statistics for Top Partition
 17. Elapsed Time Per Partition
 18. Analysis & Synthesis Messages
 19. Analysis & Synthesis Suppressed Messages



----------------
; Legal Notice ;
----------------
Copyright (C) 2020  Intel Corporation. All rights reserved.
Your use of Intel Corporation's design tools, logic functions 
and other software and tools, and any partner logic 
functions, and any output files from any of the foregoing 
(including device programming or simulation files), and any 
associated documentation or information are expressly subject 
to the terms and conditions of the Intel Program License 
Subscription Agreement, the Intel Quartus Prime License Agreement,
the Intel FPGA IP License Agreement, or other applicable license
agreement, including, without limitation, that your use is for
the sole purpose of programming logic devices manufactured by
Intel and sold by Intel or its authorized distributors.  Please
refer to the applicable agreement for further details, at
https://fpgasoftware.intel.com/eula.



+----------------------------------------------------------------------------------+
; Analysis & Synthesis Summary                                                     ;
+------------------------------------+---------------------------------------------+
; Analysis & Synthesis Status        ; Successful - Sun Dec 05 20:21:31 2021       ;
; Quartus Prime Version              ; 20.1.1 Build 720 11/11/2020 SJ Lite Edition ;
; Revision Name                      ; DataPath                                    ;
; Top-level Entity Name              ; DATA_PATH                                   ;
; Family                             ; MAX 10                                      ;
; Total logic elements               ; 6,651                                       ;
;     Total combinational functions  ; 3,584                                       ;
;     Dedicated logic registers      ; 3,232                                       ;
; Total registers                    ; 3232                                        ;
; Total pins                         ; 189                                         ;
; Total virtual pins                 ; 0                                           ;
; Total memory bits                  ; 0                                           ;
; Embedded Multiplier 9-bit elements ; 0                                           ;
; Total PLLs                         ; 0                                           ;
; UFM blocks                         ; 0                                           ;
; ADC blocks                         ; 0                                           ;
+------------------------------------+---------------------------------------------+


+------------------------------------------------------------------------------------------------------------+
; Analysis & Synthesis Settings                                                                              ;
+------------------------------------------------------------------+--------------------+--------------------+
; Option                                                           ; Setting            ; Default Value      ;
+------------------------------------------------------------------+--------------------+--------------------+
; Device                                                           ; 10M50DAF484C7G     ;                    ;
; Top-level entity name                                            ; DATA_PATH          ; DataPath           ;
; Family name                                                      ; MAX 10             ; Cyclone V          ;
; Use smart compilation                                            ; Off                ; Off                ;
; Enable parallel Assembler and Timing Analyzer during compilation ; On                 ; On                 ;
; Enable compact report table                                      ; Off                ; Off                ;
; Restructure Multiplexers                                         ; Auto               ; Auto               ;
; Create Debugging Nodes for IP Cores                              ; Off                ; Off                ;
; Preserve fewer node names                                        ; On                 ; On                 ;
; Intel FPGA IP Evaluation Mode                                    ; Enable             ; Enable             ;
; Verilog Version                                                  ; Verilog_2001       ; Verilog_2001       ;
; VHDL Version                                                     ; VHDL_1993          ; VHDL_1993          ;
; State Machine Processing                                         ; Auto               ; Auto               ;
; Safe State Machine                                               ; Off                ; Off                ;
; Extract Verilog State Machines                                   ; On                 ; On                 ;
; Extract VHDL State Machines                                      ; On                 ; On                 ;
; Ignore Verilog initial constructs                                ; Off                ; Off                ;
; Iteration limit for constant Verilog loops                       ; 5000               ; 5000               ;
; Iteration limit for non-constant Verilog loops                   ; 250                ; 250                ;
; Add Pass-Through Logic to Inferred RAMs                          ; On                 ; On                 ;
; Infer RAMs from Raw Logic                                        ; On                 ; On                 ;
; Parallel Synthesis                                               ; On                 ; On                 ;
; DSP Block Balancing                                              ; Auto               ; Auto               ;
; NOT Gate Push-Back                                               ; On                 ; On                 ;
; Power-Up Don't Care                                              ; On                 ; On                 ;
; Remove Redundant Logic Cells                                     ; Off                ; Off                ;
; Remove Duplicate Registers                                       ; On                 ; On                 ;
; Ignore CARRY Buffers                                             ; Off                ; Off                ;
; Ignore CASCADE Buffers                                           ; Off                ; Off                ;
; Ignore GLOBAL Buffers                                            ; Off                ; Off                ;
; Ignore ROW GLOBAL Buffers                                        ; Off                ; Off                ;
; Ignore LCELL Buffers                                             ; Off                ; Off                ;
; Ignore SOFT Buffers                                              ; On                 ; On                 ;
; Limit AHDL Integers to 32 Bits                                   ; Off                ; Off                ;
; Optimization Technique                                           ; Balanced           ; Balanced           ;
; Carry Chain Length                                               ; 70                 ; 70                 ;
; Auto Carry Chains                                                ; On                 ; On                 ;
; Auto Open-Drain Pins                                             ; On                 ; On                 ;
; Perform WYSIWYG Primitive Resynthesis                            ; Off                ; Off                ;
; Auto ROM Replacement                                             ; On                 ; On                 ;
; Auto RAM Replacement                                             ; On                 ; On                 ;
; Auto DSP Block Replacement                                       ; On                 ; On                 ;
; Auto Shift Register Replacement                                  ; Auto               ; Auto               ;
; Allow Shift Register Merging across Hierarchies                  ; Auto               ; Auto               ;
; Auto Clock Enable Replacement                                    ; On                 ; On                 ;
; Strict RAM Replacement                                           ; Off                ; Off                ;
; Allow Synchronous Control Signals                                ; On                 ; On                 ;
; Force Use of Synchronous Clear Signals                           ; Off                ; Off                ;
; Auto RAM Block Balancing                                         ; On                 ; On                 ;
; Auto RAM to Logic Cell Conversion                                ; Off                ; Off                ;
; Auto Resource Sharing                                            ; Off                ; Off                ;
; Allow Any RAM Size For Recognition                               ; Off                ; Off                ;
; Allow Any ROM Size For Recognition                               ; Off                ; Off                ;
; Allow Any Shift Register Size For Recognition                    ; Off                ; Off                ;
; Use LogicLock Constraints during Resource Balancing              ; On                 ; On                 ;
; Ignore translate_off and synthesis_off directives                ; Off                ; Off                ;
; Timing-Driven Synthesis                                          ; On                 ; On                 ;
; Report Parameter Settings                                        ; On                 ; On                 ;
; Report Source Assignments                                        ; On                 ; On                 ;
; Report Connectivity Checks                                       ; On                 ; On                 ;
; Ignore Maximum Fan-Out Assignments                               ; Off                ; Off                ;
; Synchronization Register Chain Length                            ; 2                  ; 2                  ;
; Power Optimization During Synthesis                              ; Normal compilation ; Normal compilation ;
; HDL message level                                                ; Level2             ; Level2             ;
; Suppress Register Optimization Related Messages                  ; Off                ; Off                ;
; Number of Removed Registers Reported in Synthesis Report         ; 5000               ; 5000               ;
; Number of Swept Nodes Reported in Synthesis Report               ; 5000               ; 5000               ;
; Number of Inverted Registers Reported in Synthesis Report        ; 100                ; 100                ;
; Clock MUX Protection                                             ; On                 ; On                 ;
; Auto Gated Clock Conversion                                      ; Off                ; Off                ;
; Block Design Naming                                              ; Auto               ; Auto               ;
; SDC constraint protection                                        ; Off                ; Off                ;
; Synthesis Effort                                                 ; Auto               ; Auto               ;
; Shift Register Replacement - Allow Asynchronous Clear Signal     ; On                 ; On                 ;
; Pre-Mapping Resynthesis Optimization                             ; Off                ; Off                ;
; Analysis & Synthesis Message Level                               ; Medium             ; Medium             ;
; Disable Register Merging Across Hierarchies                      ; Auto               ; Auto               ;
; Resource Aware Inference For Block RAM                           ; On                 ; On                 ;
+------------------------------------------------------------------+--------------------+--------------------+


+------------------------------------------+
; Parallel Compilation                     ;
+----------------------------+-------------+
; Processors                 ; Number      ;
+----------------------------+-------------+
; Number detected on machine ; 4           ;
; Maximum allowed            ; 2           ;
;                            ;             ;
; Average used               ; 1.00        ;
; Maximum used               ; 2           ;
;                            ;             ;
; Usage by Processor         ; % Time Used ;
;     Processor 1            ; 100.0%      ;
;     Processor 2            ;   0.2%      ;
+----------------------------+-------------+


+--------------------------------------------------------------------------------------------------------------------------------------------------------------------+
; Analysis & Synthesis Source Files Read                                                                                                                             ;
+----------------------------------------------+-----------------+------------------------------+----------------------------------------------------------+---------+
; File Name with User-Entered Path             ; Used in Netlist ; File Type                    ; File Name with Absolute Path                             ; Library ;
+----------------------------------------------+-----------------+------------------------------+----------------------------------------------------------+---------+
; ../src/my_pkg.sv                             ; yes             ; User SystemVerilog HDL File  ; C:/PROJECTS/Architecture/DataPath/src/my_pkg.sv          ;         ;
; ../src/ALU.sv                                ; yes             ; User SystemVerilog HDL File  ; C:/PROJECTS/Architecture/DataPath/src/ALU.sv             ;         ;
; ../src/MUX2t1.sv                             ; yes             ; User SystemVerilog HDL File  ; C:/PROJECTS/Architecture/DataPath/src/MUX2t1.sv          ;         ;
; ../src/MUX4t1.sv                             ; yes             ; User SystemVerilog HDL File  ; C:/PROJECTS/Architecture/DataPath/src/MUX4t1.sv          ;         ;
; ../src/DataPath.sv                           ; yes             ; User SystemVerilog HDL File  ; C:/PROJECTS/Architecture/DataPath/src/DataPath.sv        ;         ;
; ../src/MUX2t1_5B.sv                          ; yes             ; User SystemVerilog HDL File  ; C:/PROJECTS/Architecture/DataPath/src/MUX2t1_5B.sv       ;         ;
; ../src/SignExtend.sv                         ; yes             ; User SystemVerilog HDL File  ; C:/PROJECTS/Architecture/DataPath/src/SignExtend.sv      ;         ;
; ../src/SHFF2.sv                              ; yes             ; User SystemVerilog HDL File  ; C:/PROJECTS/Architecture/DataPath/src/SHFF2.sv           ;         ;
; ../src/pc.sv                                 ; yes             ; User SystemVerilog HDL File  ; C:/PROJECTS/Architecture/DataPath/src/pc.sv              ;         ;
; ../src/MU_MemorySystem.sv                    ; yes             ; User SystemVerilog HDL File  ; C:/PROJECTS/Architecture/DataPath/src/MU_MemorySystem.sv ;         ;
; ../src/MU_MemoryUnit.sv                      ; yes             ; User SystemVerilog HDL File  ; C:/PROJECTS/Architecture/DataPath/src/MU_MemoryUnit.sv   ;         ;
; ../src/MU_MUX.sv                             ; yes             ; User SystemVerilog HDL File  ; C:/PROJECTS/Architecture/DataPath/src/MU_MUX.sv          ;         ;
; ../src/MU_my_pkg.sv                          ; yes             ; User SystemVerilog HDL File  ; C:/PROJECTS/Architecture/DataPath/src/MU_my_pkg.sv       ;         ;
; ../src/MU_RAM.sv                             ; yes             ; User SystemVerilog HDL File  ; C:/PROJECTS/Architecture/DataPath/src/MU_RAM.sv          ;         ;
; ../src/MU_ROM.sv                             ; yes             ; User SystemVerilog HDL File  ; C:/PROJECTS/Architecture/DataPath/src/MU_ROM.sv          ;         ;
; ../src/RF_bcd.sv                             ; yes             ; User SystemVerilog HDL File  ; C:/PROJECTS/Architecture/DataPath/src/RF_bcd.sv          ;         ;
; ../src/RF_FFD.sv                             ; yes             ; User SystemVerilog HDL File  ; C:/PROJECTS/Architecture/DataPath/src/RF_FFD.sv          ;         ;
; ../src/RF_FFD32.sv                           ; yes             ; User SystemVerilog HDL File  ; C:/PROJECTS/Architecture/DataPath/src/RF_FFD32.sv        ;         ;
; ../src/RF_mux32.sv                           ; yes             ; User SystemVerilog HDL File  ; C:/PROJECTS/Architecture/DataPath/src/RF_mux32.sv        ;         ;
; ../src/RF_my_pkg.sv                          ; yes             ; User SystemVerilog HDL File  ; C:/PROJECTS/Architecture/DataPath/src/RF_my_pkg.sv       ;         ;
; ../src/RF_RegFile.sv                         ; yes             ; User SystemVerilog HDL File  ; C:/PROJECTS/Architecture/DataPath/src/RF_RegFile.sv      ;         ;
; ../src/RF_TOP.sv                             ; yes             ; User SystemVerilog HDL File  ; C:/PROJECTS/Architecture/DataPath/src/RF_TOP.sv          ;         ;
; ../src/DATA_PATH.sv                          ; yes             ; User SystemVerilog HDL File  ; C:/PROJECTS/Architecture/DataPath/src/DATA_PATH.sv       ;         ;
; /projects/architecture/datapath/src/text.dat ; yes             ; Auto-Found Unspecified File  ; /projects/architecture/datapath/src/text.dat             ;         ;
+----------------------------------------------+-----------------+------------------------------+----------------------------------------------------------+---------+


+---------------------------------------------------------+
; Analysis & Synthesis Resource Usage Summary             ;
+---------------------------------------------+-----------+
; Resource                                    ; Usage     ;
+---------------------------------------------+-----------+
; Estimated Total logic elements              ; 6,651     ;
;                                             ;           ;
; Total combinational functions               ; 3584      ;
; Logic element usage by number of LUT inputs ;           ;
;     -- 4 input functions                    ; 3159      ;
;     -- 3 input functions                    ; 380       ;
;     -- <=2 input functions                  ; 45        ;
;                                             ;           ;
; Logic elements by mode                      ;           ;
;     -- normal mode                          ; 3521      ;
;     -- arithmetic mode                      ; 63        ;
;                                             ;           ;
; Total registers                             ; 3232      ;
;     -- Dedicated logic registers            ; 3232      ;
;     -- I/O registers                        ; 0         ;
;                                             ;           ;
; I/O pins                                    ; 189       ;
;                                             ;           ;
; Embedded Multiplier 9-bit elements          ; 0         ;
;                                             ;           ;
; Maximum fan-out node                        ; clk~input ;
; Maximum fan-out                             ; 3232      ;
; Total fan-out                               ; 25002     ;
; Average fan-out                             ; 3.48      ;
+---------------------------------------------+-----------+


+-------------------------------------------------------------------------------------------------------------------------------------------------------------------------------------------------------------------------------------------------------------------------------------------------------------------------------+
; Analysis & Synthesis Resource Utilization by Entity                                                                                                                                                                                                                                                                           ;
+------------------------------------------+---------------------+---------------------------+-------------+------------+--------------+---------+-----------+------+--------------+------------+----------------------------------------------------------------------------------------------+-----------------+--------------+
; Compilation Hierarchy Node               ; Combinational ALUTs ; Dedicated Logic Registers ; Memory Bits ; UFM Blocks ; DSP Elements ; DSP 9x9 ; DSP 18x18 ; Pins ; Virtual Pins ; ADC blocks ; Full Hierarchy Name                                                                          ; Entity Name     ; Library Name ;
+------------------------------------------+---------------------+---------------------------+-------------+------------+--------------+---------+-----------+------+--------------+------------+----------------------------------------------------------------------------------------------+-----------------+--------------+
; |DATA_PATH                               ; 3584 (0)            ; 3232 (0)                  ; 0           ; 0          ; 0            ; 0       ; 0         ; 189  ; 0            ; 0          ; |DATA_PATH                                                                                   ; DATA_PATH       ; work         ;
;    |DataPath:DUV|                        ; 3584 (0)            ; 3232 (0)                  ; 0           ; 0          ; 0            ; 0       ; 0         ; 0    ; 0            ; 0          ; |DATA_PATH|DataPath:DUV                                                                      ; DataPath        ; work         ;
;       |ALU:alu|                          ; 553 (553)           ; 32 (32)                   ; 0           ; 0          ; 0            ; 0       ; 0         ; 0    ; 0            ; 0          ; |DATA_PATH|DataPath:DUV|ALU:alu                                                              ; ALU             ; work         ;
;       |MUX2t1:ALUmuxA|                   ; 32 (32)             ; 0 (0)                     ; 0           ; 0          ; 0            ; 0       ; 0         ; 0    ; 0            ; 0          ; |DATA_PATH|DataPath:DUV|MUX2t1:ALUmuxA                                                       ; MUX2t1          ; work         ;
;       |MUX2t1:WDmux|                     ; 32 (32)             ; 0 (0)                     ; 0           ; 0          ; 0            ; 0       ; 0         ; 0    ; 0            ; 0          ; |DATA_PATH|DataPath:DUV|MUX2t1:WDmux                                                         ; MUX2t1          ; work         ;
;       |MUX2t1:muxALUout|                 ; 10 (10)             ; 0 (0)                     ; 0           ; 0          ; 0            ; 0       ; 0         ; 0    ; 0            ; 0          ; |DATA_PATH|DataPath:DUV|MUX2t1:muxALUout                                                     ; MUX2t1          ; work         ;
;       |MUX2t1:muxAddr|                   ; 6 (6)               ; 0 (0)                     ; 0           ; 0          ; 0            ; 0       ; 0         ; 0    ; 0            ; 0          ; |DATA_PATH|DataPath:DUV|MUX2t1:muxAddr                                                       ; MUX2t1          ; work         ;
;       |MUX2t1_5B:WRegmux|                ; 4 (4)               ; 0 (0)                     ; 0           ; 0          ; 0            ; 0       ; 0         ; 0    ; 0            ; 0          ; |DATA_PATH|DataPath:DUV|MUX2t1_5B:WRegmux                                                    ; MUX2t1_5B       ; work         ;
;       |MUX4t1:MUX4|                      ; 50 (50)             ; 0 (0)                     ; 0           ; 0          ; 0            ; 0       ; 0         ; 0    ; 0            ; 0          ; |DATA_PATH|DataPath:DUV|MUX4t1:MUX4                                                          ; MUX4t1          ; work         ;
;       |MU_MemoryUnit:MU|                 ; 1470 (0)            ; 2048 (0)                  ; 0           ; 0          ; 0            ; 0       ; 0         ; 0    ; 0            ; 0          ; |DATA_PATH|DataPath:DUV|MU_MemoryUnit:MU                                                     ; MU_MemoryUnit   ; work         ;
;          |MU_MemorySystem:DUV|           ; 1470 (3)            ; 2048 (0)                  ; 0           ; 0          ; 0            ; 0       ; 0         ; 0    ; 0            ; 0          ; |DATA_PATH|DataPath:DUV|MU_MemoryUnit:MU|MU_MemorySystem:DUV                                 ; MU_MemorySystem ; work         ;
;             |MU_MUX:my_mux|              ; 37 (37)             ; 0 (0)                     ; 0           ; 0          ; 0            ; 0       ; 0         ; 0    ; 0            ; 0          ; |DATA_PATH|DataPath:DUV|MU_MemoryUnit:MU|MU_MemorySystem:DUV|MU_MUX:my_mux                   ; MU_MUX          ; work         ;
;             |MU_RAM:my_ram|              ; 1424 (1424)         ; 2048 (2048)               ; 0           ; 0          ; 0            ; 0       ; 0         ; 0    ; 0            ; 0          ; |DATA_PATH|DataPath:DUV|MU_MemoryUnit:MU|MU_MemorySystem:DUV|MU_RAM:my_ram                   ; MU_RAM          ; work         ;
;             |MU_ROM:my_rom|              ; 6 (6)               ; 0 (0)                     ; 0           ; 0          ; 0            ; 0       ; 0         ; 0    ; 0            ; 0          ; |DATA_PATH|DataPath:DUV|MU_MemoryUnit:MU|MU_MemorySystem:DUV|MU_ROM:my_rom                   ; MU_ROM          ; work         ;
;       |RF_FFD:Data|                      ; 0 (0)               ; 32 (32)                   ; 0           ; 0          ; 0            ; 0       ; 0         ; 0    ; 0            ; 0          ; |DATA_PATH|DataPath:DUV|RF_FFD:Data                                                          ; RF_FFD          ; work         ;
;       |RF_FFD:Instr|                     ; 0 (0)               ; 32 (32)                   ; 0           ; 0          ; 0            ; 0       ; 0         ; 0    ; 0            ; 0          ; |DATA_PATH|DataPath:DUV|RF_FFD:Instr                                                         ; RF_FFD          ; work         ;
;       |RF_FFD:RDReg1|                    ; 5 (5)               ; 32 (32)                   ; 0           ; 0          ; 0            ; 0       ; 0         ; 0    ; 0            ; 0          ; |DATA_PATH|DataPath:DUV|RF_FFD:RDReg1                                                        ; RF_FFD          ; work         ;
;       |RF_FFD:RDReg2|                    ; 5 (5)               ; 32 (32)                   ; 0           ; 0          ; 0            ; 0       ; 0         ; 0    ; 0            ; 0          ; |DATA_PATH|DataPath:DUV|RF_FFD:RDReg2                                                        ; RF_FFD          ; work         ;
;       |RF_TOP:RegFile|                   ; 1382 (0)            ; 992 (0)                   ; 0           ; 0          ; 0            ; 0       ; 0         ; 0    ; 0            ; 0          ; |DATA_PATH|DataPath:DUV|RF_TOP:RegFile                                                       ; RF_TOP          ; work         ;
;          |RF_RegFile:UUT|                ; 1382 (0)            ; 992 (0)                   ; 0           ; 0          ; 0            ; 0       ; 0         ; 0    ; 0            ; 0          ; |DATA_PATH|DataPath:DUV|RF_TOP:RegFile|RF_RegFile:UUT                                        ; RF_RegFile      ; work         ;
;             |RF_FFD32:FFD32|             ; 0 (0)               ; 992 (0)                   ; 0           ; 0          ; 0            ; 0       ; 0         ; 0    ; 0            ; 0          ; |DATA_PATH|DataPath:DUV|RF_TOP:RegFile|RF_RegFile:UUT|RF_FFD32:FFD32                         ; RF_FFD32        ; work         ;
;                |RF_FFD:id_gen[10].FFD32| ; 0 (0)               ; 32 (32)                   ; 0           ; 0          ; 0            ; 0       ; 0         ; 0    ; 0            ; 0          ; |DATA_PATH|DataPath:DUV|RF_TOP:RegFile|RF_RegFile:UUT|RF_FFD32:FFD32|RF_FFD:id_gen[10].FFD32 ; RF_FFD          ; work         ;
;                |RF_FFD:id_gen[11].FFD32| ; 0 (0)               ; 32 (32)                   ; 0           ; 0          ; 0            ; 0       ; 0         ; 0    ; 0            ; 0          ; |DATA_PATH|DataPath:DUV|RF_TOP:RegFile|RF_RegFile:UUT|RF_FFD32:FFD32|RF_FFD:id_gen[11].FFD32 ; RF_FFD          ; work         ;
;                |RF_FFD:id_gen[12].FFD32| ; 0 (0)               ; 32 (32)                   ; 0           ; 0          ; 0            ; 0       ; 0         ; 0    ; 0            ; 0          ; |DATA_PATH|DataPath:DUV|RF_TOP:RegFile|RF_RegFile:UUT|RF_FFD32:FFD32|RF_FFD:id_gen[12].FFD32 ; RF_FFD          ; work         ;
;                |RF_FFD:id_gen[13].FFD32| ; 0 (0)               ; 32 (32)                   ; 0           ; 0          ; 0            ; 0       ; 0         ; 0    ; 0            ; 0          ; |DATA_PATH|DataPath:DUV|RF_TOP:RegFile|RF_RegFile:UUT|RF_FFD32:FFD32|RF_FFD:id_gen[13].FFD32 ; RF_FFD          ; work         ;
;                |RF_FFD:id_gen[14].FFD32| ; 0 (0)               ; 32 (32)                   ; 0           ; 0          ; 0            ; 0       ; 0         ; 0    ; 0            ; 0          ; |DATA_PATH|DataPath:DUV|RF_TOP:RegFile|RF_RegFile:UUT|RF_FFD32:FFD32|RF_FFD:id_gen[14].FFD32 ; RF_FFD          ; work         ;
;                |RF_FFD:id_gen[15].FFD32| ; 0 (0)               ; 32 (32)                   ; 0           ; 0          ; 0            ; 0       ; 0         ; 0    ; 0            ; 0          ; |DATA_PATH|DataPath:DUV|RF_TOP:RegFile|RF_RegFile:UUT|RF_FFD32:FFD32|RF_FFD:id_gen[15].FFD32 ; RF_FFD          ; work         ;
;                |RF_FFD:id_gen[16].FFD32| ; 0 (0)               ; 32 (32)                   ; 0           ; 0          ; 0            ; 0       ; 0         ; 0    ; 0            ; 0          ; |DATA_PATH|DataPath:DUV|RF_TOP:RegFile|RF_RegFile:UUT|RF_FFD32:FFD32|RF_FFD:id_gen[16].FFD32 ; RF_FFD          ; work         ;
;                |RF_FFD:id_gen[17].FFD32| ; 0 (0)               ; 32 (32)                   ; 0           ; 0          ; 0            ; 0       ; 0         ; 0    ; 0            ; 0          ; |DATA_PATH|DataPath:DUV|RF_TOP:RegFile|RF_RegFile:UUT|RF_FFD32:FFD32|RF_FFD:id_gen[17].FFD32 ; RF_FFD          ; work         ;
;                |RF_FFD:id_gen[18].FFD32| ; 0 (0)               ; 32 (32)                   ; 0           ; 0          ; 0            ; 0       ; 0         ; 0    ; 0            ; 0          ; |DATA_PATH|DataPath:DUV|RF_TOP:RegFile|RF_RegFile:UUT|RF_FFD32:FFD32|RF_FFD:id_gen[18].FFD32 ; RF_FFD          ; work         ;
;                |RF_FFD:id_gen[19].FFD32| ; 0 (0)               ; 32 (32)                   ; 0           ; 0          ; 0            ; 0       ; 0         ; 0    ; 0            ; 0          ; |DATA_PATH|DataPath:DUV|RF_TOP:RegFile|RF_RegFile:UUT|RF_FFD32:FFD32|RF_FFD:id_gen[19].FFD32 ; RF_FFD          ; work         ;
;                |RF_FFD:id_gen[1].FFD32|  ; 0 (0)               ; 32 (32)                   ; 0           ; 0          ; 0            ; 0       ; 0         ; 0    ; 0            ; 0          ; |DATA_PATH|DataPath:DUV|RF_TOP:RegFile|RF_RegFile:UUT|RF_FFD32:FFD32|RF_FFD:id_gen[1].FFD32  ; RF_FFD          ; work         ;
;                |RF_FFD:id_gen[20].FFD32| ; 0 (0)               ; 32 (32)                   ; 0           ; 0          ; 0            ; 0       ; 0         ; 0    ; 0            ; 0          ; |DATA_PATH|DataPath:DUV|RF_TOP:RegFile|RF_RegFile:UUT|RF_FFD32:FFD32|RF_FFD:id_gen[20].FFD32 ; RF_FFD          ; work         ;
;                |RF_FFD:id_gen[21].FFD32| ; 0 (0)               ; 32 (32)                   ; 0           ; 0          ; 0            ; 0       ; 0         ; 0    ; 0            ; 0          ; |DATA_PATH|DataPath:DUV|RF_TOP:RegFile|RF_RegFile:UUT|RF_FFD32:FFD32|RF_FFD:id_gen[21].FFD32 ; RF_FFD          ; work         ;
;                |RF_FFD:id_gen[22].FFD32| ; 0 (0)               ; 32 (32)                   ; 0           ; 0          ; 0            ; 0       ; 0         ; 0    ; 0            ; 0          ; |DATA_PATH|DataPath:DUV|RF_TOP:RegFile|RF_RegFile:UUT|RF_FFD32:FFD32|RF_FFD:id_gen[22].FFD32 ; RF_FFD          ; work         ;
;                |RF_FFD:id_gen[23].FFD32| ; 0 (0)               ; 32 (32)                   ; 0           ; 0          ; 0            ; 0       ; 0         ; 0    ; 0            ; 0          ; |DATA_PATH|DataPath:DUV|RF_TOP:RegFile|RF_RegFile:UUT|RF_FFD32:FFD32|RF_FFD:id_gen[23].FFD32 ; RF_FFD          ; work         ;
;                |RF_FFD:id_gen[24].FFD32| ; 0 (0)               ; 32 (32)                   ; 0           ; 0          ; 0            ; 0       ; 0         ; 0    ; 0            ; 0          ; |DATA_PATH|DataPath:DUV|RF_TOP:RegFile|RF_RegFile:UUT|RF_FFD32:FFD32|RF_FFD:id_gen[24].FFD32 ; RF_FFD          ; work         ;
;                |RF_FFD:id_gen[25].FFD32| ; 0 (0)               ; 32 (32)                   ; 0           ; 0          ; 0            ; 0       ; 0         ; 0    ; 0            ; 0          ; |DATA_PATH|DataPath:DUV|RF_TOP:RegFile|RF_RegFile:UUT|RF_FFD32:FFD32|RF_FFD:id_gen[25].FFD32 ; RF_FFD          ; work         ;
;                |RF_FFD:id_gen[26].FFD32| ; 0 (0)               ; 32 (32)                   ; 0           ; 0          ; 0            ; 0       ; 0         ; 0    ; 0            ; 0          ; |DATA_PATH|DataPath:DUV|RF_TOP:RegFile|RF_RegFile:UUT|RF_FFD32:FFD32|RF_FFD:id_gen[26].FFD32 ; RF_FFD          ; work         ;
;                |RF_FFD:id_gen[27].FFD32| ; 0 (0)               ; 32 (32)                   ; 0           ; 0          ; 0            ; 0       ; 0         ; 0    ; 0            ; 0          ; |DATA_PATH|DataPath:DUV|RF_TOP:RegFile|RF_RegFile:UUT|RF_FFD32:FFD32|RF_FFD:id_gen[27].FFD32 ; RF_FFD          ; work         ;
;                |RF_FFD:id_gen[28].FFD32| ; 0 (0)               ; 32 (32)                   ; 0           ; 0          ; 0            ; 0       ; 0         ; 0    ; 0            ; 0          ; |DATA_PATH|DataPath:DUV|RF_TOP:RegFile|RF_RegFile:UUT|RF_FFD32:FFD32|RF_FFD:id_gen[28].FFD32 ; RF_FFD          ; work         ;
;                |RF_FFD:id_gen[29].FFD32| ; 0 (0)               ; 32 (32)                   ; 0           ; 0          ; 0            ; 0       ; 0         ; 0    ; 0            ; 0          ; |DATA_PATH|DataPath:DUV|RF_TOP:RegFile|RF_RegFile:UUT|RF_FFD32:FFD32|RF_FFD:id_gen[29].FFD32 ; RF_FFD          ; work         ;
;                |RF_FFD:id_gen[2].FFD32|  ; 0 (0)               ; 32 (32)                   ; 0           ; 0          ; 0            ; 0       ; 0         ; 0    ; 0            ; 0          ; |DATA_PATH|DataPath:DUV|RF_TOP:RegFile|RF_RegFile:UUT|RF_FFD32:FFD32|RF_FFD:id_gen[2].FFD32  ; RF_FFD          ; work         ;
;                |RF_FFD:id_gen[30].FFD32| ; 0 (0)               ; 32 (32)                   ; 0           ; 0          ; 0            ; 0       ; 0         ; 0    ; 0            ; 0          ; |DATA_PATH|DataPath:DUV|RF_TOP:RegFile|RF_RegFile:UUT|RF_FFD32:FFD32|RF_FFD:id_gen[30].FFD32 ; RF_FFD          ; work         ;
;                |RF_FFD:id_gen[31].FFD32| ; 0 (0)               ; 32 (32)                   ; 0           ; 0          ; 0            ; 0       ; 0         ; 0    ; 0            ; 0          ; |DATA_PATH|DataPath:DUV|RF_TOP:RegFile|RF_RegFile:UUT|RF_FFD32:FFD32|RF_FFD:id_gen[31].FFD32 ; RF_FFD          ; work         ;
;                |RF_FFD:id_gen[3].FFD32|  ; 0 (0)               ; 32 (32)                   ; 0           ; 0          ; 0            ; 0       ; 0         ; 0    ; 0            ; 0          ; |DATA_PATH|DataPath:DUV|RF_TOP:RegFile|RF_RegFile:UUT|RF_FFD32:FFD32|RF_FFD:id_gen[3].FFD32  ; RF_FFD          ; work         ;
;                |RF_FFD:id_gen[4].FFD32|  ; 0 (0)               ; 32 (32)                   ; 0           ; 0          ; 0            ; 0       ; 0         ; 0    ; 0            ; 0          ; |DATA_PATH|DataPath:DUV|RF_TOP:RegFile|RF_RegFile:UUT|RF_FFD32:FFD32|RF_FFD:id_gen[4].FFD32  ; RF_FFD          ; work         ;
;                |RF_FFD:id_gen[5].FFD32|  ; 0 (0)               ; 32 (32)                   ; 0           ; 0          ; 0            ; 0       ; 0         ; 0    ; 0            ; 0          ; |DATA_PATH|DataPath:DUV|RF_TOP:RegFile|RF_RegFile:UUT|RF_FFD32:FFD32|RF_FFD:id_gen[5].FFD32  ; RF_FFD          ; work         ;
;                |RF_FFD:id_gen[6].FFD32|  ; 0 (0)               ; 32 (32)                   ; 0           ; 0          ; 0            ; 0       ; 0         ; 0    ; 0            ; 0          ; |DATA_PATH|DataPath:DUV|RF_TOP:RegFile|RF_RegFile:UUT|RF_FFD32:FFD32|RF_FFD:id_gen[6].FFD32  ; RF_FFD          ; work         ;
;                |RF_FFD:id_gen[7].FFD32|  ; 0 (0)               ; 32 (32)                   ; 0           ; 0          ; 0            ; 0       ; 0         ; 0    ; 0            ; 0          ; |DATA_PATH|DataPath:DUV|RF_TOP:RegFile|RF_RegFile:UUT|RF_FFD32:FFD32|RF_FFD:id_gen[7].FFD32  ; RF_FFD          ; work         ;
;                |RF_FFD:id_gen[8].FFD32|  ; 0 (0)               ; 32 (32)                   ; 0           ; 0          ; 0            ; 0       ; 0         ; 0    ; 0            ; 0          ; |DATA_PATH|DataPath:DUV|RF_TOP:RegFile|RF_RegFile:UUT|RF_FFD32:FFD32|RF_FFD:id_gen[8].FFD32  ; RF_FFD          ; work         ;
;                |RF_FFD:id_gen[9].FFD32|  ; 0 (0)               ; 32 (32)                   ; 0           ; 0          ; 0            ; 0       ; 0         ; 0    ; 0            ; 0          ; |DATA_PATH|DataPath:DUV|RF_TOP:RegFile|RF_RegFile:UUT|RF_FFD32:FFD32|RF_FFD:id_gen[9].FFD32  ; RF_FFD          ; work         ;
;             |RF_bcd:mybcd|               ; 38 (38)             ; 0 (0)                     ; 0           ; 0          ; 0            ; 0       ; 0         ; 0    ; 0            ; 0          ; |DATA_PATH|DataPath:DUV|RF_TOP:RegFile|RF_RegFile:UUT|RF_bcd:mybcd                           ; RF_bcd          ; work         ;
;             |RF_mux32:mux32_data1|       ; 672 (672)           ; 0 (0)                     ; 0           ; 0          ; 0            ; 0       ; 0         ; 0    ; 0            ; 0          ; |DATA_PATH|DataPath:DUV|RF_TOP:RegFile|RF_RegFile:UUT|RF_mux32:mux32_data1                   ; RF_mux32        ; work         ;
;             |RF_mux32:mux32_data2|       ; 672 (672)           ; 0 (0)                     ; 0           ; 0          ; 0            ; 0       ; 0         ; 0    ; 0            ; 0          ; |DATA_PATH|DataPath:DUV|RF_TOP:RegFile|RF_RegFile:UUT|RF_mux32:mux32_data2                   ; RF_mux32        ; work         ;
;       |pc:PC|                            ; 35 (35)             ; 32 (32)                   ; 0           ; 0          ; 0            ; 0       ; 0         ; 0    ; 0            ; 0          ; |DATA_PATH|DataPath:DUV|pc:PC                                                                ; pc              ; work         ;
+------------------------------------------+---------------------+---------------------------+-------------+------------+--------------+---------+-----------+------+--------------+------------+----------------------------------------------------------------------------------------------+-----------------+--------------+
Note: For table entries with two numbers listed, the numbers in parentheses indicate the number of resources of the given type used by the specific entity alone. The numbers listed outside of parentheses indicate the total resources of the given type used by the specific entity and all of its sub-entities in the hierarchy.


+-----------------------------------------------------------------------------------------------------------------------------------------+
; Registers Removed During Synthesis                                                                                                      ;
+-------------------------------------------------------------------------------------------+---------------------------------------------+
; Register name                                                                             ; Reason for Removal                          ;
+-------------------------------------------------------------------------------------------+---------------------------------------------+
; DataPath:DUV|RF_TOP:RegFile|RF_RegFile:UUT|RF_FFD32:FFD32|RF_FFD:id_gen[0].FFD32|q[0..31] ; Stuck at GND due to stuck port clock_enable ;
; Total Number of Removed Registers = 32                                                    ;                                             ;
+-------------------------------------------------------------------------------------------+---------------------------------------------+


+------------------------------------------------------+
; General Register Statistics                          ;
+----------------------------------------------+-------+
; Statistic                                    ; Value ;
+----------------------------------------------+-------+
; Total registers                              ; 3232  ;
; Number of registers using Synchronous Clear  ; 0     ;
; Number of registers using Synchronous Load   ; 27    ;
; Number of registers using Asynchronous Clear ; 1152  ;
; Number of registers using Asynchronous Load  ; 0     ;
; Number of registers using Clock Enable       ; 3104  ;
; Number of registers using Preset             ; 0     ;
+----------------------------------------------+-------+


+--------------------------------------------------+
; Inverted Register Statistics                     ;
+----------------------------------------+---------+
; Inverted Register                      ; Fan out ;
+----------------------------------------+---------+
; DataPath:DUV|pc:PC|q[22]               ; 2       ;
; Total number of inverted registers = 1 ;         ;
+----------------------------------------+---------+


+-----------------------------------------------------------------------------------------------------------------------------------------------------------+
; Multiplexer Restructuring Statistics (Restructuring Performed)                                                                                            ;
+--------------------+-----------+---------------+----------------------+------------------------+------------+---------------------------------------------+
; Multiplexer Inputs ; Bus Width ; Baseline Area ; Area if Restructured ; Saving if Restructured ; Registered ; Example Multiplexer Output                  ;
+--------------------+-----------+---------------+----------------------+------------------------+------------+---------------------------------------------+
; 32:1               ; 32 bits   ; 672 LEs       ; 672 LEs              ; 0 LEs                  ; Yes        ; |DATA_PATH|DataPath:DUV|RF_FFD:RDReg2|q[9]  ;
; 32:1               ; 32 bits   ; 672 LEs       ; 672 LEs              ; 0 LEs                  ; Yes        ; |DATA_PATH|DataPath:DUV|RF_FFD:RDReg1|q[17] ;
; 3:1                ; 15 bits   ; 30 LEs        ; 30 LEs               ; 0 LEs                  ; No         ; |DATA_PATH|DataPath:DUV|MUX4t1:MUX4|out[0]  ;
; 3:1                ; 2 bits    ; 4 LEs         ; 4 LEs                ; 0 LEs                  ; No         ; |DATA_PATH|DataPath:DUV|MUX4t1:MUX4|out[1]  ;
; 4:1                ; 15 bits   ; 30 LEs        ; 30 LEs               ; 0 LEs                  ; No         ; |DATA_PATH|DataPath:DUV|MUX4t1:MUX4|out[4]  ;
; 13:1               ; 8 bits    ; 64 LEs        ; 48 LEs               ; 16 LEs                 ; No         ; |DATA_PATH|DataPath:DUV|ALU:alu|Mux17       ;
; 13:1               ; 8 bits    ; 64 LEs        ; 48 LEs               ; 16 LEs                 ; No         ; |DATA_PATH|DataPath:DUV|ALU:alu|Mux8        ;
; 14:1               ; 4 bits    ; 36 LEs        ; 28 LEs               ; 8 LEs                  ; No         ; |DATA_PATH|DataPath:DUV|ALU:alu|Mux4        ;
; 14:1               ; 4 bits    ; 36 LEs        ; 28 LEs               ; 8 LEs                  ; No         ; |DATA_PATH|DataPath:DUV|ALU:alu|Mux25       ;
; 15:1               ; 2 bits    ; 20 LEs        ; 14 LEs               ; 6 LEs                  ; No         ; |DATA_PATH|DataPath:DUV|ALU:alu|Mux28       ;
; 15:1               ; 2 bits    ; 20 LEs        ; 14 LEs               ; 6 LEs                  ; No         ; |DATA_PATH|DataPath:DUV|ALU:alu|Mux3        ;
; 16:1               ; 2 bits    ; 20 LEs        ; 16 LEs               ; 4 LEs                  ; No         ; |DATA_PATH|DataPath:DUV|ALU:alu|Mux1        ;
+--------------------+-----------+---------------+----------------------+------------------------+------------+---------------------------------------------+


+------------------------------------------------------+
; Port Connectivity Checks: "DataPath:DUV|MUX4t1:MUX4" ;
+------------+-------+----------+----------------------+
; Port       ; Type  ; Severity ; Details              ;
+------------+-------+----------+----------------------+
; b_i[31..3] ; Input ; Info     ; Stuck at GND         ;
; b_i[1..0]  ; Input ; Info     ; Stuck at GND         ;
; b_i[2]     ; Input ; Info     ; Stuck at VCC         ;
+------------+-------+----------+----------------------+


+--------------------------------------------------------------------------------------------------------------------------------------------------------------------------------------------------------------------+
; Port Connectivity Checks: "DataPath:DUV|RF_FFD:RDReg2"                                                                                                                                                             ;
+------------+-------+----------+------------------------------------------------------------------------------------------------------------------------------------------------------------------------------------+
; Port       ; Type  ; Severity ; Details                                                                                                                                                                            ;
+------------+-------+----------+------------------------------------------------------------------------------------------------------------------------------------------------------------------------------------+
; enable     ; Input ; Warning  ; Input port expression (32 bits) is wider than the input port (1 bits) it drives.  The 31 most-significant bit(s) in the expression will be dangling if they have no other fanouts. ;
; enable[-1] ; Input ; Info     ; Stuck at VCC                                                                                                                                                                       ;
+------------+-------+----------+------------------------------------------------------------------------------------------------------------------------------------------------------------------------------------+


+--------------------------------------------------------------------------------------------------------------------------------------------------------------------------------------------------------------------+
; Port Connectivity Checks: "DataPath:DUV|RF_FFD:RDReg1"                                                                                                                                                             ;
+------------+-------+----------+------------------------------------------------------------------------------------------------------------------------------------------------------------------------------------+
; Port       ; Type  ; Severity ; Details                                                                                                                                                                            ;
+------------+-------+----------+------------------------------------------------------------------------------------------------------------------------------------------------------------------------------------+
; enable     ; Input ; Warning  ; Input port expression (32 bits) is wider than the input port (1 bits) it drives.  The 31 most-significant bit(s) in the expression will be dangling if they have no other fanouts. ;
; enable[-1] ; Input ; Info     ; Stuck at VCC                                                                                                                                                                       ;
+------------+-------+----------+------------------------------------------------------------------------------------------------------------------------------------------------------------------------------------+


+--------------------------------------------------------------------------------------------------------------------------------------------------------------------------------------------------------------------+
; Port Connectivity Checks: "DataPath:DUV|RF_FFD:Data"                                                                                                                                                               ;
+------------+-------+----------+------------------------------------------------------------------------------------------------------------------------------------------------------------------------------------+
; Port       ; Type  ; Severity ; Details                                                                                                                                                                            ;
+------------+-------+----------+------------------------------------------------------------------------------------------------------------------------------------------------------------------------------------+
; enable     ; Input ; Warning  ; Input port expression (32 bits) is wider than the input port (1 bits) it drives.  The 31 most-significant bit(s) in the expression will be dangling if they have no other fanouts. ;
; enable[-1] ; Input ; Info     ; Stuck at VCC                                                                                                                                                                       ;
+------------+-------+----------+------------------------------------------------------------------------------------------------------------------------------------------------------------------------------------+


+-----------------------------------------------------+
; Post-Synthesis Netlist Statistics for Top Partition ;
+-----------------------+-----------------------------+
; Type                  ; Count                       ;
+-----------------------+-----------------------------+
; boundary_port         ; 189                         ;
; cycloneiii_ff         ; 3232                        ;
;     CLR               ; 96                          ;
;     ENA               ; 2048                        ;
;     ENA CLR           ; 1029                        ;
;     ENA CLR SLD       ; 27                          ;
;     plain             ; 32                          ;
; cycloneiii_lcell_comb ; 3588                        ;
;     arith             ; 63                          ;
;         2 data inputs ; 1                           ;
;         3 data inputs ; 62                          ;
;     normal            ; 3525                        ;
;         1 data inputs ; 4                           ;
;         2 data inputs ; 44                          ;
;         3 data inputs ; 318                         ;
;         4 data inputs ; 3159                        ;
;                       ;                             ;
; Max LUT depth         ; 15.00                       ;
; Average LUT depth     ; 6.54                        ;
+-----------------------+-----------------------------+


+-------------------------------+
; Elapsed Time Per Partition    ;
+----------------+--------------+
; Partition Name ; Elapsed Time ;
+----------------+--------------+
; Top            ; 00:00:15     ;
+----------------+--------------+


+-------------------------------+
; Analysis & Synthesis Messages ;
+-------------------------------+
Info: *******************************************************************
Info: Running Quartus Prime Analysis & Synthesis
    Info: Version 20.1.1 Build 720 11/11/2020 SJ Lite Edition
    Info: Processing started: Sun Dec 05 20:20:59 2021
Info: Command: quartus_map --read_settings_files=on --write_settings_files=off DataPath -c DataPath
Warning (18236): Number of processors has not been specified which may cause overloading on shared machines.  Set the global assignment NUM_PARALLEL_PROCESSORS in your QSF to an appropriate value for best performance.
Info (20030): Parallel compilation is enabled and will use 2 of the 2 processors detected
Info (12021): Found 1 design units, including 0 entities, in source file /projects/architecture/datapath/src/my_pkg.sv
    Info (12022): Found design unit 1: my_pkg (SystemVerilog) File: C:/PROJECTS/Architecture/DataPath/src/my_pkg.sv Line: 6
Info (12021): Found 1 design units, including 1 entities, in source file /projects/architecture/datapath/src/alu.sv
    Info (12023): Found entity 1: ALU File: C:/PROJECTS/Architecture/DataPath/src/ALU.sv Line: 5
Info (12021): Found 1 design units, including 1 entities, in source file /projects/architecture/datapath/src/mux2t1.sv
    Info (12023): Found entity 1: MUX2t1 File: C:/PROJECTS/Architecture/DataPath/src/MUX2t1.sv Line: 6
Info (12021): Found 1 design units, including 1 entities, in source file /projects/architecture/datapath/src/mux4t1.sv
    Info (12023): Found entity 1: MUX4t1 File: C:/PROJECTS/Architecture/DataPath/src/MUX4t1.sv Line: 5
Info (12021): Found 1 design units, including 1 entities, in source file /projects/architecture/datapath/src/datapath.sv
    Info (12023): Found entity 1: DataPath File: C:/PROJECTS/Architecture/DataPath/src/DataPath.sv Line: 6
Info (12021): Found 1 design units, including 1 entities, in source file /projects/architecture/datapath/src/mux2t1_5b.sv
    Info (12023): Found entity 1: MUX2t1_5B File: C:/PROJECTS/Architecture/DataPath/src/MUX2t1_5B.sv Line: 6
Info (12021): Found 1 design units, including 1 entities, in source file /projects/architecture/datapath/src/signextend.sv
    Info (12023): Found entity 1: SignExtend File: C:/PROJECTS/Architecture/DataPath/src/SignExtend.sv Line: 5
Info (12021): Found 1 design units, including 1 entities, in source file /projects/architecture/datapath/src/shff2.sv
    Info (12023): Found entity 1: SHFF2 File: C:/PROJECTS/Architecture/DataPath/src/SHFF2.sv Line: 5
Info (12021): Found 1 design units, including 1 entities, in source file /projects/architecture/datapath/src/pc.sv
    Info (12023): Found entity 1: pc File: C:/PROJECTS/Architecture/DataPath/src/pc.sv Line: 6
Info (12021): Found 1 design units, including 1 entities, in source file /projects/architecture/datapath/src/mu_memorysystem.sv
    Info (12023): Found entity 1: MU_MemorySystem File: C:/PROJECTS/Architecture/DataPath/src/MU_MemorySystem.sv Line: 4
Info (12021): Found 1 design units, including 1 entities, in source file /projects/architecture/datapath/src/mu_memoryunit.sv
    Info (12023): Found entity 1: MU_MemoryUnit File: C:/PROJECTS/Architecture/DataPath/src/MU_MemoryUnit.sv Line: 5
Info (12021): Found 1 design units, including 1 entities, in source file /projects/architecture/datapath/src/mu_mux.sv
    Info (12023): Found entity 1: MU_MUX File: C:/PROJECTS/Architecture/DataPath/src/MU_MUX.sv Line: 4
Info (12021): Found 1 design units, including 0 entities, in source file /projects/architecture/datapath/src/mu_my_pkg.sv
    Info (12022): Found design unit 1: MU_my_pkg (SystemVerilog) File: C:/PROJECTS/Architecture/DataPath/src/MU_my_pkg.sv Line: 6
Info (12021): Found 1 design units, including 1 entities, in source file /projects/architecture/datapath/src/mu_ram.sv
    Info (12023): Found entity 1: MU_RAM File: C:/PROJECTS/Architecture/DataPath/src/MU_RAM.sv Line: 4
Info (12021): Found 1 design units, including 1 entities, in source file /projects/architecture/datapath/src/mu_rom.sv
    Info (12023): Found entity 1: MU_ROM File: C:/PROJECTS/Architecture/DataPath/src/MU_ROM.sv Line: 4
Info (12021): Found 1 design units, including 1 entities, in source file /projects/architecture/datapath/src/rf_bcd.sv
    Info (12023): Found entity 1: RF_bcd File: C:/PROJECTS/Architecture/DataPath/src/RF_bcd.sv Line: 6
Info (12021): Found 1 design units, including 1 entities, in source file /projects/architecture/datapath/src/rf_ffd.sv
    Info (12023): Found entity 1: RF_FFD File: C:/PROJECTS/Architecture/DataPath/src/RF_FFD.sv Line: 6
Info (12021): Found 1 design units, including 1 entities, in source file /projects/architecture/datapath/src/rf_ffd32.sv
    Info (12023): Found entity 1: RF_FFD32 File: C:/PROJECTS/Architecture/DataPath/src/RF_FFD32.sv Line: 6
Info (12021): Found 1 design units, including 1 entities, in source file /projects/architecture/datapath/src/rf_mux32.sv
    Info (12023): Found entity 1: RF_mux32 File: C:/PROJECTS/Architecture/DataPath/src/RF_mux32.sv Line: 5
Info (12021): Found 1 design units, including 0 entities, in source file /projects/architecture/datapath/src/rf_my_pkg.sv
    Info (12022): Found design unit 1: RF_my_pkg (SystemVerilog) File: C:/PROJECTS/Architecture/DataPath/src/RF_my_pkg.sv Line: 6
Info (12021): Found 1 design units, including 1 entities, in source file /projects/architecture/datapath/src/rf_regfile.sv
    Info (12023): Found entity 1: RF_RegFile File: C:/PROJECTS/Architecture/DataPath/src/RF_RegFile.sv Line: 6
Info (12021): Found 1 design units, including 1 entities, in source file /projects/architecture/datapath/src/rf_top.sv
    Info (12023): Found entity 1: RF_TOP File: C:/PROJECTS/Architecture/DataPath/src/RF_TOP.sv Line: 6
Info (12021): Found 1 design units, including 1 entities, in source file /projects/architecture/datapath/src/data_path.sv
    Info (12023): Found entity 1: DATA_PATH File: C:/PROJECTS/Architecture/DataPath/src/DATA_PATH.sv Line: 6
Info (12127): Elaborating entity "DATA_PATH" for the top level hierarchy
Info (12128): Elaborating entity "DataPath" for hierarchy "DataPath:DUV" File: C:/PROJECTS/Architecture/DataPath/src/DATA_PATH.sv Line: 36
Info (12128): Elaborating entity "pc" for hierarchy "DataPath:DUV|pc:PC" File: C:/PROJECTS/Architecture/DataPath/src/DataPath.sv Line: 55
Info (12128): Elaborating entity "MUX2t1" for hierarchy "DataPath:DUV|MUX2t1:muxAddr" File: C:/PROJECTS/Architecture/DataPath/src/DataPath.sv Line: 57
Info (12128): Elaborating entity "MU_MemoryUnit" for hierarchy "DataPath:DUV|MU_MemoryUnit:MU" File: C:/PROJECTS/Architecture/DataPath/src/DataPath.sv Line: 59
Info (12128): Elaborating entity "MU_MemorySystem" for hierarchy "DataPath:DUV|MU_MemoryUnit:MU|MU_MemorySystem:DUV" File: C:/PROJECTS/Architecture/DataPath/src/MU_MemoryUnit.sv Line: 21
Warning (10230): Verilog HDL assignment warning at MU_MemorySystem.sv(20): truncated value with size 32 to match size of target (1) File: C:/PROJECTS/Architecture/DataPath/src/MU_MemorySystem.sv Line: 20
Info (12128): Elaborating entity "MU_ROM" for hierarchy "DataPath:DUV|MU_MemoryUnit:MU|MU_MemorySystem:DUV|MU_ROM:my_rom" File: C:/PROJECTS/Architecture/DataPath/src/MU_MemorySystem.sv Line: 22
Warning (10850): Verilog HDL warning at MU_ROM.sv(21): number of words (6) in memory file does not match the number of elements in the address range [0:63] File: C:/PROJECTS/Architecture/DataPath/src/MU_ROM.sv Line: 21
Warning (10235): Verilog HDL Always Construct warning at MU_ROM.sv(24): variable "i" is read inside the Always Construct but isn't in the Always Construct's Event Control File: C:/PROJECTS/Architecture/DataPath/src/MU_ROM.sv Line: 24
Warning (10030): Net "myrom.data_a" at MU_ROM.sv(12) has no driver or initial value, using a default initial value '0' File: C:/PROJECTS/Architecture/DataPath/src/MU_ROM.sv Line: 12
Warning (10030): Net "myrom.waddr_a" at MU_ROM.sv(12) has no driver or initial value, using a default initial value '0' File: C:/PROJECTS/Architecture/DataPath/src/MU_ROM.sv Line: 12
Warning (10030): Net "myrom.we_a" at MU_ROM.sv(12) has no driver or initial value, using a default initial value '0' File: C:/PROJECTS/Architecture/DataPath/src/MU_ROM.sv Line: 12
Info (12128): Elaborating entity "MU_RAM" for hierarchy "DataPath:DUV|MU_MemoryUnit:MU|MU_MemorySystem:DUV|MU_RAM:my_ram" File: C:/PROJECTS/Architecture/DataPath/src/MU_MemorySystem.sv Line: 24
Info (12128): Elaborating entity "MU_MUX" for hierarchy "DataPath:DUV|MU_MemoryUnit:MU|MU_MemorySystem:DUV|MU_MUX:my_mux" File: C:/PROJECTS/Architecture/DataPath/src/MU_MemorySystem.sv Line: 26
Info (12128): Elaborating entity "RF_FFD" for hierarchy "DataPath:DUV|RF_FFD:Instr" File: C:/PROJECTS/Architecture/DataPath/src/DataPath.sv Line: 61
Info (12128): Elaborating entity "MUX2t1_5B" for hierarchy "DataPath:DUV|MUX2t1_5B:WRegmux" File: C:/PROJECTS/Architecture/DataPath/src/DataPath.sv Line: 65
Info (12128): Elaborating entity "RF_TOP" for hierarchy "DataPath:DUV|RF_TOP:RegFile" File: C:/PROJECTS/Architecture/DataPath/src/DataPath.sv Line: 70
Info (12128): Elaborating entity "RF_RegFile" for hierarchy "DataPath:DUV|RF_TOP:RegFile|RF_RegFile:UUT" File: C:/PROJECTS/Architecture/DataPath/src/RF_TOP.sv Line: 26
Info (12128): Elaborating entity "RF_bcd" for hierarchy "DataPath:DUV|RF_TOP:RegFile|RF_RegFile:UUT|RF_bcd:mybcd" File: C:/PROJECTS/Architecture/DataPath/src/RF_RegFile.sv Line: 29
Info (12128): Elaborating entity "RF_FFD32" for hierarchy "DataPath:DUV|RF_TOP:RegFile|RF_RegFile:UUT|RF_FFD32:FFD32" File: C:/PROJECTS/Architecture/DataPath/src/RF_RegFile.sv Line: 33
Info (12128): Elaborating entity "RF_mux32" for hierarchy "DataPath:DUV|RF_TOP:RegFile|RF_RegFile:UUT|RF_mux32:mux32_data1" File: C:/PROJECTS/Architecture/DataPath/src/RF_RegFile.sv Line: 37
Info (12128): Elaborating entity "SignExtend" for hierarchy "DataPath:DUV|SignExtend:signExt" File: C:/PROJECTS/Architecture/DataPath/src/DataPath.sv Line: 72
Info (12128): Elaborating entity "ALU" for hierarchy "DataPath:DUV|ALU:alu" File: C:/PROJECTS/Architecture/DataPath/src/DataPath.sv Line: 81
Info (12128): Elaborating entity "MUX4t1" for hierarchy "DataPath:DUV|MUX4t1:MUX4" File: C:/PROJECTS/Architecture/DataPath/src/DataPath.sv Line: 84
Info (12128): Elaborating entity "SHFF2" for hierarchy "DataPath:DUV|SHFF2:SHFL2" File: C:/PROJECTS/Architecture/DataPath/src/DataPath.sv Line: 87
Warning (127007): Memory Initialization File or Hexadecimal (Intel-Format) File "C:/PROJECTS/Architecture/DataPath/proj_quartus/db/DataPath.ram0_MU_ROM_abf0f1c6.hdl.mif" contains "don't care" values -- overwriting them with 0s
Info (276014): Found 3 instances of uninferred RAM logic
    Info (276007): RAM logic "DataPath:DUV|MU_MemoryUnit:MU|MU_MemorySystem:DUV|MU_RAM:my_ram|myram" is uninferred due to asynchronous read logic File: C:/PROJECTS/Architecture/DataPath/src/MU_RAM.sv Line: 15
    Info (276013): RAM logic "DataPath:DUV|MU_MemoryUnit:MU|MU_MemorySystem:DUV|MU_ROM:my_rom|myrom" is uninferred because MIF is not supported for the selected family File: C:/PROJECTS/Architecture/DataPath/src/MU_ROM.sv Line: 12
    Info (276013): RAM logic "DataPath:DUV|RF_TOP:RegFile|RF_RegFile:UUT|RF_bcd:mybcd|Ram0" is uninferred because MIF is not supported for the selected family File: C:/PROJECTS/Architecture/DataPath/src/RF_bcd.sv Line: 15
Warning (127007): Memory Initialization File or Hexadecimal (Intel-Format) File "C:/PROJECTS/Architecture/DataPath/proj_quartus/db/DataPath.ram0_MU_ROM_abf0f1c6.hdl.mif" contains "don't care" values -- overwriting them with 0s
Warning (12241): 3 hierarchies have connectivity warnings - see the Connectivity Checks report folder
Info (13000): Registers with preset signals will power-up high File: C:/PROJECTS/Architecture/DataPath/src/pc.sv Line: 24
Info (13003): DEV_CLRn pin will set, and not reset, register with preset signal due to NOT Gate Push-Back
Info (286030): Timing-Driven Synthesis is running
Info (144001): Generated suppressed messages file C:/PROJECTS/Architecture/DataPath/proj_quartus/output_files/DataPath.map.smsg
Info (16010): Generating hard_block partition "hard_block:auto_generated_inst"
    Info (16011): Adding 0 node(s), including 0 DDIO, 0 PLL, 0 transceiver and 0 LCELL
Info (21057): Implemented 6936 device resources after synthesis - the final resource count might be different
    Info (21058): Implemented 16 input pins
    Info (21059): Implemented 173 output pins
    Info (21061): Implemented 6747 logic cells
Info: Quartus Prime Analysis & Synthesis was successful. 0 errors, 10 warnings
    Info: Peak virtual memory: 4775 megabytes
    Info: Processing ended: Sun Dec 05 20:21:32 2021
    Info: Elapsed time: 00:00:33
    Info: Total CPU time (on all processors): 00:00:49


+------------------------------------------+
; Analysis & Synthesis Suppressed Messages ;
+------------------------------------------+
The suppressed messages can be found in C:/PROJECTS/Architecture/DataPath/proj_quartus/output_files/DataPath.map.smsg.


